
> demopro@0.1.0 start /home/ubuntu/workspace/SQL-Project/frontend_utkarsh/frontend-2-layer
> export PORT=3009 &&react-scripts start

(node:65245) [DEP_WEBPACK_DEV_SERVER_ON_AFTER_SETUP_MIDDLEWARE] DeprecationWarning: 'onAfterSetupMiddleware' option is deprecated. Please use the 'setupMiddlewares' option.
(Use `node --trace-deprecation ...` to show where the warning was created)
(node:65245) [DEP_WEBPACK_DEV_SERVER_ON_BEFORE_SETUP_MIDDLEWARE] DeprecationWarning: 'onBeforeSetupMiddleware' option is deprecated. Please use the 'setupMiddlewares' option.
Starting the development server...

Compiled with warnings.

[eslint] 
src/Componnet/Demofile.js
  Line 4:3:    'Button' is defined but never used                    no-unused-vars
  Line 14:3:   'FormControl' is defined but never used               no-unused-vars
  Line 15:3:   'FormLabel' is defined but never used                 no-unused-vars
  Line 16:3:   'RadioGroup' is defined but never used                no-unused-vars
  Line 17:3:   'FormControlLabel' is defined but never used          no-unused-vars
  Line 18:3:   'Radio' is defined but never used                     no-unused-vars
  Line 24:8:   'axios' is defined but never used                     no-unused-vars
  Line 26:10:  'APIBACKEND' is defined but never used                no-unused-vars
  Line 26:22:  'APIAIOLD' is defined but never used                  no-unused-vars
  Line 28:7:   'StyledTableCell' is assigned a value but never used  no-unused-vars

src/Componnet/Login.js
  Line 3:16:   'Stack' is defined but never used             no-unused-vars
  Line 3:23:   'Checkbox' is defined but never used          no-unused-vars
  Line 3:72:   'FormControlLabel' is defined but never used  no-unused-vars
  Line 3:96:   'Box' is defined but never used               no-unused-vars
  Line 3:101:  'Divider' is defined but never used           no-unused-vars
  Line 7:10:   'useFormik' is defined but never used         no-unused-vars
  Line 7:42:   'FormikProvider' is defined but never used    no-unused-vars
  Line 9:8:    'Demofile' is defined but never used          no-unused-vars
  Line 11:8:   'axios' is defined but never used             no-unused-vars
  Line 12:22:  'APIAIOLD' is defined but never used          no-unused-vars
  Line 12:32:  'APIAINEW' is defined but never used          no-unused-vars

Search for the keywords to learn more about each warning.
To ignore, add // eslint-disable-next-line to the line before.

WARNING in [eslint] 
src/Componnet/Demofile.js
  Line 4:3:    'Button' is defined but never used                    no-unused-vars
  Line 14:3:   'FormControl' is defined but never used               no-unused-vars
  Line 15:3:   'FormLabel' is defined but never used                 no-unused-vars
  Line 16:3:   'RadioGroup' is defined but never used                no-unused-vars
  Line 17:3:   'FormControlLabel' is defined but never used          no-unused-vars
  Line 18:3:   'Radio' is defined but never used                     no-unused-vars
  Line 24:8:   'axios' is defined but never used                     no-unused-vars
  Line 26:10:  'APIBACKEND' is defined but never used                no-unused-vars
  Line 26:22:  'APIAIOLD' is defined but never used                  no-unused-vars
  Line 28:7:   'StyledTableCell' is assigned a value but never used  no-unused-vars

src/Componnet/Login.js
  Line 3:16:   'Stack' is defined but never used             no-unused-vars
  Line 3:23:   'Checkbox' is defined but never used          no-unused-vars
  Line 3:72:   'FormControlLabel' is defined but never used  no-unused-vars
  Line 3:96:   'Box' is defined but never used               no-unused-vars
  Line 3:101:  'Divider' is defined but never used           no-unused-vars
  Line 7:10:   'useFormik' is defined but never used         no-unused-vars
  Line 7:42:   'FormikProvider' is defined but never used    no-unused-vars
  Line 9:8:    'Demofile' is defined but never used          no-unused-vars
  Line 11:8:   'axios' is defined but never used             no-unused-vars
  Line 12:22:  'APIAIOLD' is defined but never used          no-unused-vars
  Line 12:32:  'APIAINEW' is defined but never used          no-unused-vars

webpack compiled with 1 warning
[0;33mOne of your dependencies, babel-preset-react-app, is importing the
"@babel/plugin-proposal-private-property-in-object" package without
declaring it in its dependencies. This is currently working because
"@babel/plugin-proposal-private-property-in-object" is already in your
node_modules folder for unrelated reasons, but it [1mmay break at any time[0;33m.

babel-preset-react-app is part of the create-react-app project, [1mwhich
is not maintianed anymore[0;33m. It is thus unlikely that this bug will
ever be fixed. Add "@babel/plugin-proposal-private-property-in-object" to
your devDependencies to work around this error. This will make this message
go away.[0m
  
The build failed because the process exited too early. This probably means the system ran out of memory or someone called `kill -9` on the process.
npm ERR! code ELIFECYCLE
npm ERR! errno 1
npm ERR! demopro@0.1.0 start: `export PORT=3009 &&react-scripts start`
npm ERR! Exit status 1
npm ERR! 
npm ERR! Failed at the demopro@0.1.0 start script.
npm ERR! This is probably not a problem with npm. There is likely additional logging output above.

npm ERR! A complete log of this run can be found in:
npm ERR!     /root/.npm/_logs/2024-03-19T14_05_07_960Z-debug.log

> demopro@0.1.0 start /home/ubuntu/workspace/SQL-Project/frontend_utkarsh/frontend-2-layer
> export PORT=3009 &&react-scripts start

(node:157770) [DEP_WEBPACK_DEV_SERVER_ON_AFTER_SETUP_MIDDLEWARE] DeprecationWarning: 'onAfterSetupMiddleware' option is deprecated. Please use the 'setupMiddlewares' option.
(Use `node --trace-deprecation ...` to show where the warning was created)
(node:157770) [DEP_WEBPACK_DEV_SERVER_ON_BEFORE_SETUP_MIDDLEWARE] DeprecationWarning: 'onBeforeSetupMiddleware' option is deprecated. Please use the 'setupMiddlewares' option.
Starting the development server...

Compiled successfully!

You can now view demopro in the browser.

  Local:            http://localhost:3009
  On Your Network:  http://172.31.6.64:3009

Note that the development build is not optimized.
To create a production build, use npm run build.

webpack compiled successfully
Compiling...
Compiled successfully!
webpack compiled successfully

> demopro@0.1.0 start /home/ubuntu/workspace/SQL-Project/frontend_utkarsh/frontend-2-layer
> export PORT=3009 &&react-scripts start

(node:25797) [DEP_WEBPACK_DEV_SERVER_ON_AFTER_SETUP_MIDDLEWARE] DeprecationWarning: 'onAfterSetupMiddleware' option is deprecated. Please use the 'setupMiddlewares' option.
(Use `node --trace-deprecation ...` to show where the warning was created)
(node:25797) [DEP_WEBPACK_DEV_SERVER_ON_BEFORE_SETUP_MIDDLEWARE] DeprecationWarning: 'onBeforeSetupMiddleware' option is deprecated. Please use the 'setupMiddlewares' option.
Starting the development server...

Compiled successfully!

You can now view demopro in the browser.

  Local:            http://localhost:3009
  On Your Network:  http://172.31.6.64:3009

Note that the development build is not optimized.
To create a production build, use npm run build.

webpack compiled successfully

> demopro@0.1.0 start /home/ubuntu/workspace/SQL-Project/frontend_utkarsh/frontend-2-layer
> export PORT=3009 &&react-scripts start

Something is already running on port 3009.

> demopro@0.1.0 start /home/ubuntu/workspace/SQL-Project/frontend_utkarsh/frontend-2-layer
> export PORT=3009 &&react-scripts start

(node:536774) [DEP_WEBPACK_DEV_SERVER_ON_AFTER_SETUP_MIDDLEWARE] DeprecationWarning: 'onAfterSetupMiddleware' option is deprecated. Please use the 'setupMiddlewares' option.
(Use `node --trace-deprecation ...` to show where the warning was created)
(node:536774) [DEP_WEBPACK_DEV_SERVER_ON_BEFORE_SETUP_MIDDLEWARE] DeprecationWarning: 'onBeforeSetupMiddleware' option is deprecated. Please use the 'setupMiddlewares' option.
Starting the development server...

Compiled successfully!

You can now view demopro in the browser.

  Local:            http://localhost:3009
  On Your Network:  http://172.31.26.35:3009

Note that the development build is not optimized.
To create a production build, use npm run build.

webpack compiled successfully

> demopro@0.1.0 start /home/ubuntu/workspace/SQL-Project/frontend_utkarsh/frontend-2-layer
> export PORT=3009 &&react-scripts start

(node:2175309) [DEP_WEBPACK_DEV_SERVER_ON_AFTER_SETUP_MIDDLEWARE] DeprecationWarning: 'onAfterSetupMiddleware' option is deprecated. Please use the 'setupMiddlewares' option.
(Use `node --trace-deprecation ...` to show where the warning was created)
(node:2175309) [DEP_WEBPACK_DEV_SERVER_ON_BEFORE_SETUP_MIDDLEWARE] DeprecationWarning: 'onBeforeSetupMiddleware' option is deprecated. Please use the 'setupMiddlewares' option.
Starting the development server...

Compiled successfully!

You can now view demopro in the browser.

  Local:            http://localhost:3009
  On Your Network:  http://172.31.26.35:3009

Note that the development build is not optimized.
To create a production build, use npm run build.

webpack compiled successfully
URIError: Failed to decode param '/%80../%80../%80../%80../%80../%80../windows/win.ini'
    at decodeURIComponent (<anonymous>)
    at decode_param (/home/ubuntu/workspace/SQL-Project/frontend_utkarsh/frontend-2-layer/node_modules/express/lib/router/layer.js:172:12)
    at Layer.match (/home/ubuntu/workspace/SQL-Project/frontend_utkarsh/frontend-2-layer/node_modules/express/lib/router/layer.js:123:27)
    at matchLayer (/home/ubuntu/workspace/SQL-Project/frontend_utkarsh/frontend-2-layer/node_modules/express/lib/router/index.js:585:18)
    at next (/home/ubuntu/workspace/SQL-Project/frontend_utkarsh/frontend-2-layer/node_modules/express/lib/router/index.js:226:15)
    at expressInit (/home/ubuntu/workspace/SQL-Project/frontend_utkarsh/frontend-2-layer/node_modules/express/lib/middleware/init.js:40:5)
    at Layer.handle [as handle_request] (/home/ubuntu/workspace/SQL-Project/frontend_utkarsh/frontend-2-layer/node_modules/express/lib/router/layer.js:95:5)
    at trim_prefix (/home/ubuntu/workspace/SQL-Project/frontend_utkarsh/frontend-2-layer/node_modules/express/lib/router/index.js:328:13)
    at /home/ubuntu/workspace/SQL-Project/frontend_utkarsh/frontend-2-layer/node_modules/express/lib/router/index.js:286:9
    at Function.process_params (/home/ubuntu/workspace/SQL-Project/frontend_utkarsh/frontend-2-layer/node_modules/express/lib/router/index.js:346:12)
URIError: Failed to decode param '/%80../%80../%80../%80../%80../%80../winnt/win.ini'
    at decodeURIComponent (<anonymous>)
    at decode_param (/home/ubuntu/workspace/SQL-Project/frontend_utkarsh/frontend-2-layer/node_modules/express/lib/router/layer.js:172:12)
    at Layer.match (/home/ubuntu/workspace/SQL-Project/frontend_utkarsh/frontend-2-layer/node_modules/express/lib/router/layer.js:123:27)
    at matchLayer (/home/ubuntu/workspace/SQL-Project/frontend_utkarsh/frontend-2-layer/node_modules/express/lib/router/index.js:585:18)
    at next (/home/ubuntu/workspace/SQL-Project/frontend_utkarsh/frontend-2-layer/node_modules/express/lib/router/index.js:226:15)
    at expressInit (/home/ubuntu/workspace/SQL-Project/frontend_utkarsh/frontend-2-layer/node_modules/express/lib/middleware/init.js:40:5)
    at Layer.handle [as handle_request] (/home/ubuntu/workspace/SQL-Project/frontend_utkarsh/frontend-2-layer/node_modules/express/lib/router/layer.js:95:5)
    at trim_prefix (/home/ubuntu/workspace/SQL-Project/frontend_utkarsh/frontend-2-layer/node_modules/express/lib/router/index.js:328:13)
    at /home/ubuntu/workspace/SQL-Project/frontend_utkarsh/frontend-2-layer/node_modules/express/lib/router/index.js:286:9
    at Function.process_params (/home/ubuntu/workspace/SQL-Project/frontend_utkarsh/frontend-2-layer/node_modules/express/lib/router/index.js:346:12)
URIError: Failed to decode param '/%c0.%c0./%c0.%c0./%c0.%c0./%c0.%c0./%c0.%c0./windows/win.ini'
    at decodeURIComponent (<anonymous>)
    at decode_param (/home/ubuntu/workspace/SQL-Project/frontend_utkarsh/frontend-2-layer/node_modules/express/lib/router/layer.js:172:12)
    at Layer.match (/home/ubuntu/workspace/SQL-Project/frontend_utkarsh/frontend-2-layer/node_modules/express/lib/router/layer.js:123:27)
    at matchLayer (/home/ubuntu/workspace/SQL-Project/frontend_utkarsh/frontend-2-layer/node_modules/express/lib/router/index.js:585:18)
    at next (/home/ubuntu/workspace/SQL-Project/frontend_utkarsh/frontend-2-layer/node_modules/express/lib/router/index.js:226:15)
    at expressInit (/home/ubuntu/workspace/SQL-Project/frontend_utkarsh/frontend-2-layer/node_modules/express/lib/middleware/init.js:40:5)
    at Layer.handle [as handle_request] (/home/ubuntu/workspace/SQL-Project/frontend_utkarsh/frontend-2-layer/node_modules/express/lib/router/layer.js:95:5)
    at trim_prefix (/home/ubuntu/workspace/SQL-Project/frontend_utkarsh/frontend-2-layer/node_modules/express/lib/router/index.js:328:13)
    at /home/ubuntu/workspace/SQL-Project/frontend_utkarsh/frontend-2-layer/node_modules/express/lib/router/index.js:286:9
    at Function.process_params (/home/ubuntu/workspace/SQL-Project/frontend_utkarsh/frontend-2-layer/node_modules/express/lib/router/index.js:346:12)
URIError: Failed to decode param '/%c0.%c0./%c0.%c0./%c0.%c0./%c0.%c0./%c0.%c0./winnt/win.ini'
    at decodeURIComponent (<anonymous>)
    at decode_param (/home/ubuntu/workspace/SQL-Project/frontend_utkarsh/frontend-2-layer/node_modules/express/lib/router/layer.js:172:12)
    at Layer.match (/home/ubuntu/workspace/SQL-Project/frontend_utkarsh/frontend-2-layer/node_modules/express/lib/router/layer.js:123:27)
    at matchLayer (/home/ubuntu/workspace/SQL-Project/frontend_utkarsh/frontend-2-layer/node_modules/express/lib/router/index.js:585:18)
    at next (/home/ubuntu/workspace/SQL-Project/frontend_utkarsh/frontend-2-layer/node_modules/express/lib/router/index.js:226:15)
    at expressInit (/home/ubuntu/workspace/SQL-Project/frontend_utkarsh/frontend-2-layer/node_modules/express/lib/middleware/init.js:40:5)
    at Layer.handle [as handle_request] (/home/ubuntu/workspace/SQL-Project/frontend_utkarsh/frontend-2-layer/node_modules/express/lib/router/layer.js:95:5)
    at trim_prefix (/home/ubuntu/workspace/SQL-Project/frontend_utkarsh/frontend-2-layer/node_modules/express/lib/router/index.js:328:13)
    at /home/ubuntu/workspace/SQL-Project/frontend_utkarsh/frontend-2-layer/node_modules/express/lib/router/index.js:286:9
    at Function.process_params (/home/ubuntu/workspace/SQL-Project/frontend_utkarsh/frontend-2-layer/node_modules/express/lib/router/index.js:346:12)
URIError: Failed to decode param '/%c0%2e%c0%2e/%c0%2e%c0%2e/%c0%2e%c0%2e/%c0%2e%c0%2e/windows/win.ini'
    at decodeURIComponent (<anonymous>)
    at decode_param (/home/ubuntu/workspace/SQL-Project/frontend_utkarsh/frontend-2-layer/node_modules/express/lib/router/layer.js:172:12)
    at Layer.match (/home/ubuntu/workspace/SQL-Project/frontend_utkarsh/frontend-2-layer/node_modules/express/lib/router/layer.js:123:27)
    at matchLayer (/home/ubuntu/workspace/SQL-Project/frontend_utkarsh/frontend-2-layer/node_modules/express/lib/router/index.js:585:18)
    at next (/home/ubuntu/workspace/SQL-Project/frontend_utkarsh/frontend-2-layer/node_modules/express/lib/router/index.js:226:15)
    at expressInit (/home/ubuntu/workspace/SQL-Project/frontend_utkarsh/frontend-2-layer/node_modules/express/lib/middleware/init.js:40:5)
    at Layer.handle [as handle_request] (/home/ubuntu/workspace/SQL-Project/frontend_utkarsh/frontend-2-layer/node_modules/express/lib/router/layer.js:95:5)
    at trim_prefix (/home/ubuntu/workspace/SQL-Project/frontend_utkarsh/frontend-2-layer/node_modules/express/lib/router/index.js:328:13)
    at /home/ubuntu/workspace/SQL-Project/frontend_utkarsh/frontend-2-layer/node_modules/express/lib/router/index.js:286:9
    at Function.process_params (/home/ubuntu/workspace/SQL-Project/frontend_utkarsh/frontend-2-layer/node_modules/express/lib/router/index.js:346:12)
URIError: Failed to decode param '/%c0%2e%c0%2e/%c0%2e%c0%2e/%c0%2e%c0%2e/%c0%2e%c0%2e/winnt/win.ini'
    at decodeURIComponent (<anonymous>)
    at decode_param (/home/ubuntu/workspace/SQL-Project/frontend_utkarsh/frontend-2-layer/node_modules/express/lib/router/layer.js:172:12)
    at Layer.match (/home/ubuntu/workspace/SQL-Project/frontend_utkarsh/frontend-2-layer/node_modules/express/lib/router/layer.js:123:27)
    at matchLayer (/home/ubuntu/workspace/SQL-Project/frontend_utkarsh/frontend-2-layer/node_modules/express/lib/router/index.js:585:18)
    at next (/home/ubuntu/workspace/SQL-Project/frontend_utkarsh/frontend-2-layer/node_modules/express/lib/router/index.js:226:15)
    at expressInit (/home/ubuntu/workspace/SQL-Project/frontend_utkarsh/frontend-2-layer/node_modules/express/lib/middleware/init.js:40:5)
    at Layer.handle [as handle_request] (/home/ubuntu/workspace/SQL-Project/frontend_utkarsh/frontend-2-layer/node_modules/express/lib/router/layer.js:95:5)
    at trim_prefix (/home/ubuntu/workspace/SQL-Project/frontend_utkarsh/frontend-2-layer/node_modules/express/lib/router/index.js:328:13)
    at /home/ubuntu/workspace/SQL-Project/frontend_utkarsh/frontend-2-layer/node_modules/express/lib/router/index.js:286:9
    at Function.process_params (/home/ubuntu/workspace/SQL-Project/frontend_utkarsh/frontend-2-layer/node_modules/express/lib/router/index.js:346:12)
URIError: Failed to decode param '/%uff0e%uff0e/%uff0e%uff0e/%uff0e%uff0e/%uff0e%uff0e/%uff0e%uff0e/%uff0e%uff0e/%uff0e%uff0e/%uff0e%uff0e/%uff0e%uff0e/%uff0e%uff0e/%uff0e%uff0e/%uff0e%uff0e/windows/win.ini'
    at decodeURIComponent (<anonymous>)
    at decode_param (/home/ubuntu/workspace/SQL-Project/frontend_utkarsh/frontend-2-layer/node_modules/express/lib/router/layer.js:172:12)
    at Layer.match (/home/ubuntu/workspace/SQL-Project/frontend_utkarsh/frontend-2-layer/node_modules/express/lib/router/layer.js:123:27)
    at matchLayer (/home/ubuntu/workspace/SQL-Project/frontend_utkarsh/frontend-2-layer/node_modules/express/lib/router/index.js:585:18)
    at next (/home/ubuntu/workspace/SQL-Project/frontend_utkarsh/frontend-2-layer/node_modules/express/lib/router/index.js:226:15)
    at expressInit (/home/ubuntu/workspace/SQL-Project/frontend_utkarsh/frontend-2-layer/node_modules/express/lib/middleware/init.js:40:5)
    at Layer.handle [as handle_request] (/home/ubuntu/workspace/SQL-Project/frontend_utkarsh/frontend-2-layer/node_modules/express/lib/router/layer.js:95:5)
    at trim_prefix (/home/ubuntu/workspace/SQL-Project/frontend_utkarsh/frontend-2-layer/node_modules/express/lib/router/index.js:328:13)
    at /home/ubuntu/workspace/SQL-Project/frontend_utkarsh/frontend-2-layer/node_modules/express/lib/router/index.js:286:9
    at Function.process_params (/home/ubuntu/workspace/SQL-Project/frontend_utkarsh/frontend-2-layer/node_modules/express/lib/router/index.js:346:12)
URIError: Failed to decode param '/%uff0e%uff0e/%uff0e%uff0e/%uff0e%uff0e/%uff0e%uff0e/%uff0e%uff0e/%uff0e%uff0e/%uff0e%uff0e/%uff0e%uff0e/%uff0e%uff0e/%uff0e%uff0e/%uff0e%uff0e/%uff0e%uff0e/winnt/win.ini'
    at decodeURIComponent (<anonymous>)
    at decode_param (/home/ubuntu/workspace/SQL-Project/frontend_utkarsh/frontend-2-layer/node_modules/express/lib/router/layer.js:172:12)
    at Layer.match (/home/ubuntu/workspace/SQL-Project/frontend_utkarsh/frontend-2-layer/node_modules/express/lib/router/layer.js:123:27)
    at matchLayer (/home/ubuntu/workspace/SQL-Project/frontend_utkarsh/frontend-2-layer/node_modules/express/lib/router/index.js:585:18)
    at next (/home/ubuntu/workspace/SQL-Project/frontend_utkarsh/frontend-2-layer/node_modules/express/lib/router/index.js:226:15)
    at expressInit (/home/ubuntu/workspace/SQL-Project/frontend_utkarsh/frontend-2-layer/node_modules/express/lib/middleware/init.js:40:5)
    at Layer.handle [as handle_request] (/home/ubuntu/workspace/SQL-Project/frontend_utkarsh/frontend-2-layer/node_modules/express/lib/router/layer.js:95:5)
    at trim_prefix (/home/ubuntu/workspace/SQL-Project/frontend_utkarsh/frontend-2-layer/node_modules/express/lib/router/index.js:328:13)
    at /home/ubuntu/workspace/SQL-Project/frontend_utkarsh/frontend-2-layer/node_modules/express/lib/router/index.js:286:9
    at Function.process_params (/home/ubuntu/workspace/SQL-Project/frontend_utkarsh/frontend-2-layer/node_modules/express/lib/router/index.js:346:12)
URIError: Failed to decode param '/%uff0e%uff0e/%uff0e%uff0e/%uff0e%uff0e/%uff0e%uff0e/%uff0e%uff0e/%uff0e%uff0e/%uff0e%uff0e/%uff0e%uff0e/%uff0e%uff0e/%uff0e%uff0e/%uff0e%uff0e/%uff0e%uff0e/etc/passwd'
    at decodeURIComponent (<anonymous>)
    at decode_param (/home/ubuntu/workspace/SQL-Project/frontend_utkarsh/frontend-2-layer/node_modules/express/lib/router/layer.js:172:12)
    at Layer.match (/home/ubuntu/workspace/SQL-Project/frontend_utkarsh/frontend-2-layer/node_modules/express/lib/router/layer.js:123:27)
    at matchLayer (/home/ubuntu/workspace/SQL-Project/frontend_utkarsh/frontend-2-layer/node_modules/express/lib/router/index.js:585:18)
    at next (/home/ubuntu/workspace/SQL-Project/frontend_utkarsh/frontend-2-layer/node_modules/express/lib/router/index.js:226:15)
    at expressInit (/home/ubuntu/workspace/SQL-Project/frontend_utkarsh/frontend-2-layer/node_modules/express/lib/middleware/init.js:40:5)
    at Layer.handle [as handle_request] (/home/ubuntu/workspace/SQL-Project/frontend_utkarsh/frontend-2-layer/node_modules/express/lib/router/layer.js:95:5)
    at trim_prefix (/home/ubuntu/workspace/SQL-Project/frontend_utkarsh/frontend-2-layer/node_modules/express/lib/router/index.js:328:13)
    at /home/ubuntu/workspace/SQL-Project/frontend_utkarsh/frontend-2-layer/node_modules/express/lib/router/index.js:286:9
    at Function.process_params (/home/ubuntu/workspace/SQL-Project/frontend_utkarsh/frontend-2-layer/node_modules/express/lib/router/index.js:346:12)
URIError: Failed to decode param '/%NETHOOD%/'
    at decodeURIComponent (<anonymous>)
    at decode_param (/home/ubuntu/workspace/SQL-Project/frontend_utkarsh/frontend-2-layer/node_modules/express/lib/router/layer.js:172:12)
    at Layer.match (/home/ubuntu/workspace/SQL-Project/frontend_utkarsh/frontend-2-layer/node_modules/express/lib/router/layer.js:123:27)
    at matchLayer (/home/ubuntu/workspace/SQL-Project/frontend_utkarsh/frontend-2-layer/node_modules/express/lib/router/index.js:585:18)
    at next (/home/ubuntu/workspace/SQL-Project/frontend_utkarsh/frontend-2-layer/node_modules/express/lib/router/index.js:226:15)
    at expressInit (/home/ubuntu/workspace/SQL-Project/frontend_utkarsh/frontend-2-layer/node_modules/express/lib/middleware/init.js:40:5)
    at Layer.handle [as handle_request] (/home/ubuntu/workspace/SQL-Project/frontend_utkarsh/frontend-2-layer/node_modules/express/lib/router/layer.js:95:5)
    at trim_prefix (/home/ubuntu/workspace/SQL-Project/frontend_utkarsh/frontend-2-layer/node_modules/express/lib/router/index.js:328:13)
    at /home/ubuntu/workspace/SQL-Project/frontend_utkarsh/frontend-2-layer/node_modules/express/lib/router/index.js:286:9
    at Function.process_params (/home/ubuntu/workspace/SQL-Project/frontend_utkarsh/frontend-2-layer/node_modules/express/lib/router/index.js:346:12)

> demopro@0.1.0 start /home/ubuntu/workspace/SQL-Project/frontend_utkarsh/frontend-2-layer
> export PORT=3009 &&react-scripts start

Something is already running on port 3009.
